<?xml version="1.0" encoding="UTF-8"?>
<!-- Generated by org.testng.reporters.JUnitReportReporter -->
<testsuite hostname="LAPTOP-PICKRAJT" failures="0" tests="1" name="sample.Pjt1Test" time="22.260" errors="0" timestamp="2023-09-05T15:42:39 IST" skipped="0">
  <testcase classname="sample.Pjt1Test" name="m1Test" time="22.260"/>
  <system-out/>
</testsuite> <!-- sample.Pjt1Test -->
