<?xml version="1.0" encoding="UTF-8"?>
<!-- Generated by org.testng.reporters.JUnitReportReporter -->
<testsuite hostname="TYSS-Varun" failures="0" tests="1" name="sample.Pjt1Test" time="4.517" errors="0" timestamp="2023-09-05T17:20:29 IST" skipped="0">
  <testcase classname="sample.Pjt1Test" name="m1Test" time="4.517"/>
  <system-out/>
</testsuite> <!-- sample.Pjt1Test -->
